<?xml version="1.0" encoding="UTF-8"?>
<!-- Generated by org.testng.reporters.JUnitReportReporter -->
<testsuite skipped="0" hostname="14BS34G02" name="seleniumTest.sample.FetchChromeUserAgentInfoTest" tests="1" failures="0" timestamp="25 10 2018 05:47:22 GMT" time="4196.088" errors="0">
  <testcase name="testFetchChromeUserAgentPageInfo" time="4196.088" classname="seleniumTest.sample.FetchChromeUserAgentInfoTest"/>
</testsuite> <!-- seleniumTest.sample.FetchChromeUserAgentInfoTest -->
