<?xml version="1.0" encoding="UTF-8"?>
<!-- Generated by org.testng.reporters.JUnitReportReporter -->
<testsuite skipped="0" hostname="14BS34G02" name="seleniumTest.sample.AppLocalTest" tests="1" failures="0" timestamp="24 8 2018 07:55:44 GMT" time="25.652" errors="0">
  <testcase name="f01" time="25.652" classname="seleniumTest.sample.AppLocalTest"/>
</testsuite> <!-- seleniumTest.sample.AppLocalTest -->
