<?xml version="1.0" encoding="UTF-8"?>
<!-- Generated by org.testng.reporters.JUnitReportReporter -->
<testsuite skipped="0" hostname="14BS34G02" name="seleniumTest.sample.GlobalMenuTest" tests="1" failures="0" timestamp="24 8 2018 07:31:52 GMT" time="62.985" errors="0">
  <testcase name="testGlobalMenu" time="62.985" classname="seleniumTest.sample.GlobalMenuTest"/>
</testsuite> <!-- seleniumTest.sample.GlobalMenuTest -->
