<?xml version="1.0" encoding="UTF-8"?>
<!-- Generated by org.testng.reporters.JUnitReportReporter -->
<testsuite skipped="0" hostname="14BS34G02" name="seleniumTest.sample.ChromeUserAgentTest" tests="1" failures="0" timestamp="24 10 2018 02:55:47 GMT" time="0.094" errors="0">
  <testcase name="testReadChromeInfoAndFindAndroid" time="0.094" classname="seleniumTest.sample.ChromeUserAgentTest"/>
</testsuite> <!-- seleniumTest.sample.ChromeUserAgentTest -->
