<?xml version="1.0" encoding="UTF-8"?>
<!-- Generated by org.testng.reporters.JUnitReportReporter -->
<testsuite skipped="0" hostname="14BS34G02" name="seleniumTest.sample.AppLocalTestNG" tests="4" failures="0" timestamp="24 8 2018 07:08:35 GMT" time="0.476" errors="0">
  <testcase name="f02" time="0.075" classname="seleniumTest.sample.AppLocalTestNG"/>
  <testcase name="f03" time="0.075" classname="seleniumTest.sample.AppLocalTestNG"/>
  <testcase name="f01" time="0.270" classname="seleniumTest.sample.AppLocalTestNG"/>
  <testcase name="f04" time="0.056" classname="seleniumTest.sample.AppLocalTestNG"/>
</testsuite> <!-- seleniumTest.sample.AppLocalTestNG -->
