<?xml version="1.0" encoding="UTF-8"?>
<!-- Generated by org.testng.reporters.JUnitReportReporter -->
<testsuite skipped="0" hostname="14BS34G02" name="seleniumTest.sample.D2PUserSettingMenuTest" tests="1" failures="0" timestamp="24 8 2018 06:23:24 GMT" time="54.741" errors="0">
  <testcase name="f01" time="54.741" classname="seleniumTest.sample.D2PUserSettingMenuTest"/>
</testsuite> <!-- seleniumTest.sample.D2PUserSettingMenuTest -->
