<?xml version="1.0" encoding="UTF-8"?>
<!-- Generated by org.testng.reporters.JUnitReportReporter -->
<testsuite skipped="0" hostname="14BS34G02" name="seleniumTest.sample.FetchSafariUserAgentInfoTest" tests="1" failures="0" timestamp="24 10 2018 02:43:11 GMT" time="3258.037" errors="0">
  <testcase name="testSafariUserAgentPageInfo" time="3258.037" classname="seleniumTest.sample.FetchSafariUserAgentInfoTest"/>
</testsuite> <!-- seleniumTest.sample.FetchSafariUserAgentInfoTest -->
