<?xml version="1.0" encoding="UTF-8"?>
<!-- Generated by org.testng.reporters.JUnitReportReporter -->
<testsuite skipped="0" hostname="14BS34G02" name="seleniumTest.sample.D2PAdminLoginTest" tests="1" failures="0" timestamp="28 8 2018 02:59:29 GMT" time="21.416" errors="0">
  <testcase name="testCampaignInsert" time="21.416" classname="seleniumTest.sample.D2PAdminLoginTest"/>
</testsuite> <!-- seleniumTest.sample.D2PAdminLoginTest -->
