<?xml version="1.0" encoding="UTF-8"?>
<!-- Generated by org.testng.reporters.JUnitReportReporter -->
<testsuite skipped="0" hostname="14BS34G02" name="seleniumTest.sample.D2PUserGlobalMenuTest" tests="1" failures="0" timestamp="25 10 2018 03:41:04 GMT" time="3060.933" errors="0">
  <testcase name="testGlobalMenu" time="3060.933" classname="seleniumTest.sample.D2PUserGlobalMenuTest"/>
</testsuite> <!-- seleniumTest.sample.D2PUserGlobalMenuTest -->
