<?xml version="1.0" encoding="UTF-8"?>
<!-- Generated by org.testng.reporters.JUnitReportReporter -->
<testsuite skipped="0" hostname="14BS34G02" name="seleniumTest.sample.SettingMenuTest" tests="1" failures="0" timestamp="24 8 2018 07:31:52 GMT" time="52.997" errors="0">
  <testcase name="testSettingMenu" time="52.997" classname="seleniumTest.sample.SettingMenuTest"/>
</testsuite> <!-- seleniumTest.sample.SettingMenuTest -->
